<?xml version="1.0" encoding="UTF-8" ?>
<testsuite tests="19" failures="0" name="com.geisler.softwareentwicklung.openprojects.card.game.mau.TestGameMau" time="1.109" errors="0" skipped="0">
  <properties>
[...]
</properties>
  <testcase classname="com.geisler.softwareentwicklung.openprojects.card.game.mau.TestGameMau" name="whenAGameIsRunningThenTheStackHaveAtLeastOneCard" time="0.016"/>
  <testcase classname="com.geisler.softwareentwicklung.openprojects.card.game.mau.TestGameMau" name="whenAGameStartsThenThePlayersHaveNotTheSameCards" time="0.125"/>
  <testcase classname="com.geisler.softwareentwicklung.openprojects.card.game.mau.TestGameMau" name="whenAPlayerThrowedACardThenTheNextPlayerIsOnTurnAndThatsNotTheSame" time="0.547"/>
  <testcase classname="com.geisler.softwareentwicklung.openprojects.card.game.mau.TestGameMau" name="whenAPlayerThrowsAHandCardThenTheMiddleStackHasOneCardMore" time="0"/>
  <testcase classname="com.geisler.softwareentwicklung.openprojects.card.game.mau.TestGameMau" name="whenAGameStartsThenThePlayersHave5HandCards" time="0.016"/>
  <testcase classname="com.geisler.softwareentwicklung.openprojects.card.game.mau.TestGameMau" name="whenMoreThanFourPlayersBeAddedToGameThereWillBeAnError" time="0"/>
  <testcase classname="com.geisler.softwareentwicklung.openprojects.card.game.mau.TestGameMau" name="whenAPlayerThrowsAJackThenTheLastMiddleStackCardShouldNotBeAJack" time="0.047"/>
  <testcase classname="com.geisler.softwareentwicklung.openprojects.card.game.mau.TestGameMau" name="whenAPlayerThrowsAHandCardThenThePlayerHasOneHandCardLess" time="0.015"/>
  <testcase classname="com.geisler.softwareentwicklung.openprojects.card.game.mau.TestGameMau" name="whenAPlayerCanNotThrowACardThenTheHandSizeOfThePlayerHasOneMore" time="0"/>
  <testcase classname="com.geisler.softwareentwicklung.openprojects.card.game.mau.TestGameMau" name="whenOnePlayersHaveNoCardsLeftAfterTurnThenTheGameIsOver" time="0"/>
  <testcase classname="com.geisler.softwareentwicklung.openprojects.card.game.mau.TestGameMau" name="whenAGameStartsThenMinimumTwoPlayersAreRequiredForTheGame" time="0"/>
  <testcase classname="com.geisler.softwareentwicklung.openprojects.card.game.mau.TestGameMau" name="whenAPlayerThrowsACardThenTheLastMiddleStackCardShouldBeSameColorOrValue" time="0"/>
  <testcase classname="com.geisler.softwareentwicklung.openprojects.card.game.mau.TestGameMau" name="whenAPlayerHasNoHandCardsThenItIsTheWinnerOfTheGame" time="0"/>
  <testcase classname="com.geisler.softwareentwicklung.openprojects.card.game.mau.TestGameMau" name="whenAllPlayersHaveMinimumOneCardThenTheGameIsNotOver" time="0.016"/>
  <testcase classname="com.geisler.softwareentwicklung.openprojects.card.game.mau.TestGameMau" name="whenAPlayerThrowsAnAceValueThenNextPlayerHasToStay" time="0"/>
  <testcase classname="com.geisler.softwareentwicklung.openprojects.card.game.mau.TestGameMau" name="whenAPlayerThrowsRightColorAfterChoosingThenChoosedColorIsNull" time="0.015"/>
  <testcase classname="com.geisler.softwareentwicklung.openprojects.card.game.mau.TestGameMau" name="whenAPlayerThrowsValueSevenThenNextPlayerHaveToDrawTwoExtraCards" time="0"/>
  <testcase classname="com.geisler.softwareentwicklung.openprojects.card.game.mau.TestGameMau" name="whenAPlayerThrowAJackThenThisPlayerChooseTheNextColor" time="0"/>
  <testcase classname="com.geisler.softwareentwicklung.openprojects.card.game.mau.TestGameMau" name="whenAPlayerHaveToDrawTwoExtraCardsThenAnotherValueSevenCardCanRedirectWithTwoExtraCardsToNextPlayer" time="0.016"/>
</testsuite>